--- clean 1415138022---
--- build 1415138022---
lib = /home/ollisg/.perlbrew/libs/perl-5.20.1c@dev/lib/perl5/auto/share/dist/Alien-TinyCC/lib/libtcc.a
tmp = /tmp/jcLCDPsfiT
obj = /tmp/jcLCDPsfiT/i386-asm.o
obj = /tmp/jcLCDPsfiT/x86_64-gen.o
obj = /tmp/jcLCDPsfiT/tccrun.o
obj = /tmp/jcLCDPsfiT/tccasm.o
obj = /tmp/jcLCDPsfiT/tccelf.o
obj = /tmp/jcLCDPsfiT/tccgen.o
obj = /tmp/jcLCDPsfiT/tccpp.o
obj = /tmp/jcLCDPsfiT/libtcc.o
+ clang -o /home/ollisg/dev/FFI-TinyCC/share/libtcc.so -shared /tmp/jcLCDPsfiT/i386-asm.o /tmp/jcLCDPsfiT/x86_64-gen.o /tmp/jcLCDPsfiT/tccrun.o /tmp/jcLCDPsfiT/tccasm.o /tmp/jcLCDPsfiT/tccelf.o /tmp/jcLCDPsfiT/tccgen.o /tmp/jcLCDPsfiT/tccpp.o /tmp/jcLCDPsfiT/libtcc.o

--- clean 1415138031---
unlink /home/ollisg/dev/FFI-TinyCC/share/libtcc.so
--- clean 1415138099---
--- build 1415138099---
lib = /home/ollisg/.perlbrew/libs/perl-5.20.1c@dev/lib/perl5/auto/share/dist/Alien-TinyCC/lib/libtcc.a
tmp = /tmp/DxASzu5FHk
obj = /tmp/DxASzu5FHk/i386-asm.o
obj = /tmp/DxASzu5FHk/x86_64-gen.o
obj = /tmp/DxASzu5FHk/tccrun.o
obj = /tmp/DxASzu5FHk/tccasm.o
obj = /tmp/DxASzu5FHk/tccelf.o
obj = /tmp/DxASzu5FHk/tccgen.o
obj = /tmp/DxASzu5FHk/tccpp.o
obj = /tmp/DxASzu5FHk/libtcc.o
+ clang -o /home/ollisg/dev/FFI-TinyCC/share/libtcc.so -shared /tmp/DxASzu5FHk/i386-asm.o /tmp/DxASzu5FHk/x86_64-gen.o /tmp/DxASzu5FHk/tccrun.o /tmp/DxASzu5FHk/tccasm.o /tmp/DxASzu5FHk/tccelf.o /tmp/DxASzu5FHk/tccgen.o /tmp/DxASzu5FHk/tccpp.o /tmp/DxASzu5FHk/libtcc.o

